{
  "RSpec": {
    "coverage": {
      "/Users/cirdes/workspace/pagseguro-transparente/lib/pagseguro-transparente.rb": [
        1
      ],
      "/Users/cirdes/workspace/pagseguro-transparente/lib/pagseguro.rb": [
        1,
        1,
        1,
        1,
        1,
        1,
        1,
        1,
        1,
        1,
        1,
        1,
        1,
        1,
        1,
        1,
        1,
        1,
        1,
        1,
        1,
        1,
        1,
        1,
        1,
        1,
        1,
        null,
        1,
        null,
        1,
        1,
        null,
        1,
        null,
        null,
        1,
        null,
        null,
        null,
        1,
        null,
        null,
        1,
        null,
        null,
        null,
        null,
        null,
        null,
        null,
        null,
        1,
        0,
        null,
        null
      ],
      "/Users/cirdes/workspace/pagseguro-transparente/lib/pagseguro/request.rb": [
        1,
        null,
        1,
        1,
        1,
        1,
        null,
        1,
        null,
        1,
        0,
        null,
        null,
        1,
        1,
        1,
        1,
        1,
        null,
        null,
        null
      ],
      "/Users/cirdes/workspace/pagseguro-transparente/lib/pagseguro/session.rb": [
        1,
        1,
        1,
        1,
        null,
        null,
        null
      ],
      "/Users/cirdes/workspace/pagseguro-transparente/lib/pagseguro/session/response.rb": [
        1,
        1,
        1,
        1,
        null,
        1,
        3,
        null,
        null,
        1,
        1,
        null,
        null,
        null,
        null
      ],
      "/Users/cirdes/workspace/pagseguro-transparente/lib/pagseguro/item.rb": [
        1,
        1,
        1,
        null,
        1,
        1,
        1,
        null,
        null,
        1,
        null,
        null,
        1,
        null,
        null,
        1,
        null,
        null,
        null,
        1,
        null,
        1,
        127,
        127,
        127,
        127,
        null,
        null,
        null
      ],
      "/Users/cirdes/workspace/pagseguro-transparente/lib/pagseguro/items.rb": [
        1,
        1,
        1,
        1,
        null,
        1,
        null,
        1,
        73,
        null,
        null,
        1,
        115,
        null,
        null,
        null
      ],
      "/Users/cirdes/workspace/pagseguro-transparente/lib/pagseguro/payment.rb": [
        1,
        1,
        1,
        null,
        1,
        1,
        1,
        1,
        null,
        null,
        null,
        null,
        null,
        1,
        null,
        null,
        null,
        1,
        null,
        null,
        null,
        1,
        null,
        null,
        1,
        null,
        null,
        null,
        null,
        null,
        1,
        null,
        null,
        1,
        null,
        null,
        null,
        1,
        null,
        1,
        null,
        null,
        null,
        null,
        1,
        null,
        1,
        null,
        1,
        null,
        null,
        1,
        233,
        null,
        null,
        null,
        1,
        182,
        null,
        null,
        null,
        1,
        null,
        0,
        0,
        null,
        null,
        1,
        67,
        67,
        67,
        67,
        67,
        67,
        67,
        null,
        null,
        1,
        1,
        0,
        null,
        null,
        1,
        70,
        null,
        null,
        1,
        70,
        null,
        null,
        null
      ],
      "/Users/cirdes/workspace/pagseguro-transparente/lib/pagseguro/payment/serializer.rb": [
        1,
        1,
        1,
        null,
        1,
        null,
        1,
        48,
        null,
        null,
        1,
        48,
        null,
        48,
        48,
        null,
        null,
        48,
        48,
        48,
        48,
        48,
        48,
        null,
        48,
        96,
        null,
        null,
        48,
        48,
        48,
        48,
        null,
        null,
        48,
        null,
        2400,
        null,
        48,
        null,
        null,
        1,
        1,
        2448,
        null,
        null,
        1,
        48,
        48,
        null,
        48,
        48,
        null,
        48,
        null,
        null,
        1,
        96,
        96,
        null,
        96,
        96,
        96,
        96,
        null,
        null,
        1,
        48,
        48,
        null,
        48,
        48,
        48,
        48,
        null,
        48,
        null,
        null,
        1,
        48,
        48,
        null,
        48,
        48,
        null,
        null,
        1,
        48,
        48,
        null,
        48,
        null,
        null,
        1,
        48,
        48,
        null,
        48,
        null,
        48,
        48,
        48,
        null,
        null,
        null,
        1,
        48,
        48,
        null,
        48,
        48,
        null,
        null,
        1,
        48,
        48,
        null,
        48,
        48,
        48,
        48,
        48,
        null,
        null,
        1,
        48,
        48,
        null,
        48,
        48,
        48,
        48,
        48,
        48,
        48,
        48,
        null,
        null,
        1,
        48,
        48,
        null,
        48,
        48,
        48,
        48,
        48,
        48,
        48,
        48,
        null,
        null,
        1,
        144,
        null,
        null,
        null,
        null
      ],
      "/Users/cirdes/workspace/pagseguro-transparente/lib/pagseguro/transaction.rb": [
        1,
        1,
        1,
        null,
        1,
        17,
        null,
        null,
        1,
        1,
        null,
        null,
        1,
        1,
        null,
        null,
        1,
        1,
        null,
        null,
        1,
        1,
        null,
        null,
        1,
        1,
        null,
        null,
        1,
        1,
        null,
        null,
        1,
        1,
        null,
        null,
        1,
        1,
        null,
        null,
        1,
        1,
        null,
        null,
        1,
        1,
        null,
        null,
        1,
        1,
        null,
        null,
        1,
        1,
        null,
        null,
        1,
        1,
        null,
        null,
        1,
        1,
        null,
        null,
        1,
        1,
        null,
        null,
        1,
        1,
        null,
        null,
        1,
        1,
        null,
        null,
        1,
        1,
        18,
        null,
        null,
        null
      ],
      "/Users/cirdes/workspace/pagseguro-transparente/lib/pagseguro/transaction/address.rb": [
        1,
        1,
        1,
        1,
        null,
        1,
        10,
        null,
        null,
        1,
        1,
        null,
        null,
        1,
        1,
        null,
        null,
        1,
        1,
        null,
        null,
        1,
        1,
        null,
        null,
        1,
        1,
        null,
        null,
        1,
        1,
        null,
        null,
        1,
        1,
        null,
        null,
        1,
        1,
        null,
        null,
        null,
        null
      ],
      "/Users/cirdes/workspace/pagseguro-transparente/lib/pagseguro/transaction/item.rb": [
        1,
        1,
        1,
        1,
        null,
        1,
        6,
        6,
        6,
        6,
        null,
        null,
        null,
        null
      ],
      "/Users/cirdes/workspace/pagseguro-transparente/lib/pagseguro/transaction/items.rb": [
        1,
        1,
        1,
        1,
        null,
        1,
        3,
        3,
        null,
        null,
        1,
        1,
        2,
        null,
        null,
        null,
        null,
        null
      ],
      "/Users/cirdes/workspace/pagseguro-transparente/lib/pagseguro/transaction/payment_method.rb": [
        1,
        1,
        1,
        1,
        null,
        1,
        3,
        null,
        null,
        1,
        1,
        null,
        null,
        1,
        1,
        null,
        null,
        null,
        null
      ],
      "/Users/cirdes/workspace/pagseguro-transparente/lib/pagseguro/transaction/phone.rb": [
        1,
        1,
        1,
        1,
        null,
        1,
        3,
        null,
        null,
        1,
        1,
        null,
        null,
        1,
        1,
        null,
        null,
        null,
        null
      ],
      "/Users/cirdes/workspace/pagseguro-transparente/lib/pagseguro/transaction/sender.rb": [
        1,
        1,
        1,
        1,
        null,
        1,
        4,
        null,
        null,
        1,
        1,
        null,
        null,
        1,
        1,
        null,
        null,
        1,
        1,
        null,
        null,
        null,
        null
      ],
      "/Users/cirdes/workspace/pagseguro-transparente/lib/pagseguro/transaction/shipping.rb": [
        1,
        1,
        1,
        1,
        null,
        1,
        7,
        null,
        null,
        1,
        2,
        null,
        null,
        1,
        2,
        null,
        null,
        1,
        2,
        null,
        null,
        null,
        null
      ],
      "/Users/cirdes/workspace/pagseguro-transparente/lib/pagseguro/sender.rb": [
        1,
        1,
        1,
        1,
        null,
        1,
        1,
        null,
        1,
        null,
        null,
        1,
        null,
        null,
        1,
        null,
        null,
        1,
        null,
        null,
        1,
        null,
        null,
        1,
        null,
        1,
        77,
        77,
        77,
        null,
        null,
        null
      ],
      "/Users/cirdes/workspace/pagseguro-transparente/lib/pagseguro/phone.rb": [
        1,
        1,
        1,
        null,
        1,
        1,
        1,
        null,
        null,
        1,
        null,
        null,
        null,
        1,
        null,
        1,
        73,
        73,
        null,
        null,
        null
      ],
      "/Users/cirdes/workspace/pagseguro-transparente/lib/pagseguro/document.rb": [
        1,
        1,
        1,
        null,
        1,
        null,
        null,
        null,
        1,
        null,
        null,
        null,
        1,
        null,
        1,
        72,
        72,
        null,
        null,
        null
      ],
      "/Users/cirdes/workspace/pagseguro-transparente/lib/pagseguro/bank.rb": [
        1,
        1,
        1,
        null,
        1,
        1,
        null,
        null,
        1,
        null,
        1,
        51,
        null,
        null,
        null
      ],
      "/Users/cirdes/workspace/pagseguro-transparente/lib/pagseguro/credit_card.rb": [
        1,
        1,
        1,
        null,
        1,
        null,
        null,
        1,
        null,
        null,
        1,
        null,
        null,
        1,
        null,
        null,
        1,
        null,
        1,
        56,
        null,
        null,
        null
      ],
      "/Users/cirdes/workspace/pagseguro-transparente/lib/pagseguro/holder.rb": [
        1,
        1,
        1,
        null,
        1,
        null,
        null,
        1,
        null,
        null,
        1,
        null,
        null,
        1,
        null,
        null,
        1,
        null,
        1,
        56,
        56,
        null,
        null,
        null
      ],
      "/Users/cirdes/workspace/pagseguro-transparente/lib/pagseguro/address.rb": [
        1,
        1,
        1,
        1,
        1,
        null,
        1,
        1,
        1,
        null,
        null,
        1,
        null,
        null,
        1,
        null,
        null,
        1,
        null,
        null,
        1,
        null,
        null,
        1,
        null,
        null,
        1,
        null,
        null,
        1,
        null,
        null,
        1,
        null,
        1,
        86,
        86,
        86,
        86,
        86,
        86,
        86,
        86,
        null,
        null,
        null
      ],
      "/Users/cirdes/workspace/pagseguro-transparente/lib/pagseguro/shipping.rb": [
        1,
        1,
        1,
        1,
        null,
        1,
        1,
        null,
        1,
        1,
        1,
        null,
        null,
        1,
        null,
        null,
        1,
        null,
        null,
        1,
        null,
        1,
        73,
        73,
        null,
        null,
        null
      ],
      "/Users/cirdes/workspace/pagseguro-transparente/lib/pagseguro/installment.rb": [
        1,
        1,
        1,
        1,
        null,
        null,
        1,
        null,
        null,
        1,
        null,
        1,
        52,
        52,
        null,
        null,
        null
      ],
      "/Users/cirdes/workspace/pagseguro-transparente/lib/pagseguro/exceptions.rb": [
        1,
        null,
        1,
        null,
        1,
        null,
        1,
        null,
        1,
        null,
        1,
        null,
        1,
        null,
        1,
        null,
        1,
        null,
        1,
        null,
        1,
        null
      ],
      "/Users/cirdes/workspace/pagseguro-transparente/spec/pagseguro/bank_spec.rb": [
        1,
        null,
        1,
        4,
        4,
        null,
        2,
        null,
        1,
        2,
        null,
        null,
        1,
        2,
        2,
        null,
        null
      ],
      "/Users/cirdes/workspace/pagseguro-transparente/spec/pagseguro/credit_card_spec.rb": [
        1,
        null,
        1,
        9,
        9,
        null,
        2,
        2,
        2,
        2,
        null,
        1,
        2,
        2,
        2,
        2,
        null,
        null
      ],
      "/Users/cirdes/workspace/pagseguro-transparente/spec/pagseguro/document_spec.rb": [
        1,
        null,
        1,
        6,
        6,
        null,
        2,
        2,
        null,
        1,
        2,
        2,
        null,
        null,
        1,
        2,
        null,
        null
      ],
      "/Users/cirdes/workspace/pagseguro-transparente/spec/pagseguro/holder_spec.rb": [
        1,
        null,
        1,
        9,
        9,
        null,
        2,
        2,
        2,
        2,
        null,
        1,
        2,
        2,
        2,
        2,
        null,
        null
      ],
      "/Users/cirdes/workspace/pagseguro-transparente/spec/pagseguro/installment_spec.rb": [
        1,
        null,
        1,
        5,
        5,
        null,
        2,
        2,
        null,
        1,
        2,
        2,
        null,
        null
      ],
      "/Users/cirdes/workspace/pagseguro-transparente/spec/pagseguro/item_spec.rb": [
        1,
        null,
        1,
        13,
        13,
        null,
        2,
        2,
        2,
        2,
        null,
        1,
        2,
        2,
        2,
        2,
        null,
        null,
        1,
        2,
        2,
        2,
        null,
        null,
        1,
        2,
        null,
        null
      ],
      "/Users/cirdes/workspace/pagseguro-transparente/spec/pagseguro/items_spec.rb": [
        1,
        null,
        1,
        7,
        7,
        null,
        2,
        2,
        2,
        2,
        2,
        2,
        null
      ],
      "/Users/cirdes/workspace/pagseguro-transparente/spec/pagseguro/notification/shipping_spec.rb": [
        1,
        null,
        1,
        4,
        null,
        1,
        3,
        null,
        null,
        4,
        null,
        2,
        2,
        2,
        null,
        1,
        null,
        null,
        null,
        3,
        null,
        null
      ],
      "/Users/cirdes/workspace/pagseguro-transparente/spec/pagseguro/pagseguro_spec.rb": [
        1,
        null,
        1,
        1,
        4,
        4,
        null,
        null,
        2,
        2,
        null,
        1,
        1,
        1,
        1,
        null,
        null,
        null,
        null,
        1,
        2,
        null,
        null
      ],
      "/Users/cirdes/workspace/pagseguro-transparente/spec/pagseguro/payment/serializer_spec.rb": [
        1,
        null,
        1,
        49,
        49,
        null,
        1,
        null,
        null,
        null,
        null,
        null,
        48,
        null,
        null,
        1,
        48,
        48,
        48,
        48,
        48,
        48,
        null,
        48,
        null,
        null,
        49,
        49,
        1,
        48,
        null,
        null,
        null,
        null,
        48,
        48,
        48,
        null,
        null,
        1,
        48,
        null,
        null,
        null,
        null,
        null,
        null,
        null,
        null,
        null,
        null,
        1,
        48,
        48,
        48,
        null,
        null,
        null,
        49,
        null,
        1,
        48,
        48,
        48,
        48,
        null,
        null,
        1,
        48,
        48,
        48,
        48,
        48,
        null,
        1,
        48,
        48,
        null,
        49,
        null,
        2,
        2,
        2,
        2,
        2,
        2,
        2,
        2,
        2,
        2,
        2,
        2,
        2,
        2,
        2,
        2,
        2,
        2,
        2,
        2,
        2,
        2,
        2,
        2,
        2,
        2,
        2,
        2,
        2,
        2,
        2,
        2,
        null,
        2,
        2,
        2,
        2,
        2,
        2,
        2,
        2,
        null,
        2,
        2,
        2,
        2,
        2,
        2,
        2,
        2,
        null
      ],
      "/Users/cirdes/workspace/pagseguro-transparente/spec/pagseguro/payment_spec.rb": [
        1,
        null,
        1,
        20,
        null,
        1,
        null,
        null,
        null,
        null,
        null,
        19,
        null,
        null,
        18,
        null,
        1,
        19,
        19,
        19,
        19,
        19,
        null,
        null,
        null,
        20,
        20,
        1,
        19,
        null,
        null,
        null,
        null,
        19,
        19,
        19,
        null,
        null,
        1,
        19,
        null,
        null,
        null,
        null,
        null,
        null,
        null,
        null,
        null,
        null,
        1,
        19,
        19,
        19,
        null,
        null,
        2,
        2,
        2,
        2,
        2,
        2,
        2,
        2,
        2,
        2,
        2,
        2,
        null,
        1,
        2,
        2,
        2,
        2,
        null,
        null,
        1,
        2,
        2,
        null,
        null,
        1,
        2,
        2,
        null,
        null,
        1,
        2,
        2,
        null,
        null
      ],
      "/Users/cirdes/workspace/pagseguro-transparente/spec/pagseguro/phone_spec.rb": [
        1,
        null,
        1,
        7,
        7,
        null,
        2,
        2,
        null,
        1,
        2,
        2,
        null,
        null,
        1,
        2,
        2,
        null,
        null
      ],
      "/Users/cirdes/workspace/pagseguro-transparente/spec/pagseguro/sender_spec.rb": [
        1,
        null,
        1,
        11,
        11,
        null,
        2,
        2,
        2,
        2,
        2,
        null,
        1,
        2,
        2,
        2,
        2,
        2,
        null,
        null
      ],
      "/Users/cirdes/workspace/pagseguro-transparente/spec/pagseguro/session/response_spec.rb": [
        1,
        null,
        1,
        1,
        2,
        null,
        null,
        3,
        null,
        3,
        null,
        2,
        null,
        1,
        2,
        null,
        null
      ],
      "/Users/cirdes/workspace/pagseguro-transparente/spec/pagseguro/session_spec.rb": [
        1,
        null,
        1,
        3,
        2,
        null,
        1,
        2,
        2,
        null,
        null,
        2,
        null,
        1,
        2,
        1,
        null,
        1,
        null,
        null,
        2,
        null,
        null
      ],
      "/Users/cirdes/workspace/pagseguro-transparente/spec/pagseguro/shipping_spec.rb": [
        1,
        null,
        1,
        7,
        7,
        null,
        2,
        2,
        2,
        null,
        1,
        2,
        null,
        null,
        1,
        2,
        null,
        null,
        1,
        2,
        null,
        null
      ],
      "/Users/cirdes/workspace/pagseguro-transparente/spec/pagseguro/transaction/address_spec.rb": [
        1,
        null,
        1,
        9,
        null,
        1,
        8,
        null,
        null,
        9,
        null,
        2,
        2,
        2,
        2,
        2,
        2,
        2,
        2,
        null,
        1,
        null,
        null,
        null,
        null,
        null,
        null,
        null,
        null,
        null,
        8,
        null,
        null
      ],
      "/Users/cirdes/workspace/pagseguro-transparente/spec/pagseguro/transaction/item_spec.rb": [
        1,
        null,
        1,
        1,
        4,
        null,
        null,
        null,
        5,
        null,
        2,
        2,
        2,
        2,
        null
      ],
      "/Users/cirdes/workspace/pagseguro-transparente/spec/pagseguro/transaction/items_spec.rb": [
        1,
        null,
        1,
        3,
        null,
        1,
        2,
        null,
        null,
        3,
        null,
        2,
        2,
        null,
        1,
        null,
        null,
        null,
        null,
        null,
        null,
        null,
        null,
        null,
        null,
        null,
        null,
        null,
        2,
        null,
        null
      ],
      "/Users/cirdes/workspace/pagseguro-transparente/spec/pagseguro/transaction/payment_method_spec.rb": [
        1,
        null,
        1,
        3,
        null,
        1,
        2,
        null,
        null,
        3,
        null,
        2,
        2,
        null,
        1,
        null,
        null,
        null,
        2,
        null,
        null
      ],
      "/Users/cirdes/workspace/pagseguro-transparente/spec/pagseguro/transaction/phone_spec.rb": [
        1,
        null,
        1,
        3,
        null,
        1,
        2,
        null,
        null,
        3,
        null,
        2,
        2,
        null,
        1,
        null,
        null,
        null,
        2,
        null,
        null
      ],
      "/Users/cirdes/workspace/pagseguro-transparente/spec/pagseguro/transaction/sender_spec.rb": [
        1,
        null,
        1,
        4,
        null,
        1,
        3,
        null,
        null,
        4,
        null,
        2,
        2,
        2,
        null,
        1,
        null,
        null,
        null,
        null,
        null,
        null,
        null,
        3,
        null,
        null
      ],
      "/Users/cirdes/workspace/pagseguro-transparente/spec/pagseguro/transaction/shipping_spec.rb": [
        1,
        null,
        1,
        4,
        null,
        1,
        3,
        null,
        null,
        4,
        null,
        2,
        2,
        2,
        null,
        1,
        null,
        null,
        null,
        3,
        null,
        null
      ],
      "/Users/cirdes/workspace/pagseguro-transparente/spec/pagseguro/transaction_spec.rb": [
        1,
        null,
        1,
        18,
        null,
        18,
        null,
        18,
        null,
        2,
        2,
        2,
        2,
        2,
        2,
        2,
        2,
        2,
        2,
        2,
        2,
        2,
        2,
        2,
        2,
        2,
        null,
        1,
        null,
        null,
        null,
        null,
        null,
        null,
        null,
        null,
        null,
        null,
        null,
        null,
        null,
        null,
        17,
        null,
        null
      ]
    },
    "timestamp": 1399588106
  }
}
